<?xml version="1.0" encoding="UTF-8"?>
<testng-results ignored="0" total="0" passed="0" failed="0" skipped="0">
  <reporter-output>
  </reporter-output>
  <suite started-at="2022-05-18T17:43:05 BST" name="TestField" finished-at="2022-05-18T17:43:05 BST" duration-ms="14">
    <groups>
    </groups>
    <test started-at="2022-05-18T17:43:05 BST" name="Command line test" finished-at="2022-05-18T17:43:05 BST" duration-ms="14">
    </test> <!-- Command line test -->
  </suite> <!-- TestField -->
</testng-results>
